{"total": {"lines":{"total":599,"covered":530,"skipped":0,"pct":88.48},"statements":{"total":599,"covered":530,"skipped":0,"pct":88.48},"functions":{"total":43,"covered":35,"skipped":0,"pct":81.39},"branches":{"total":85,"covered":73,"skipped":0,"pct":85.88},"branchesTrue":{"total":0,"covered":0,"skipped":0,"pct":100}}
,"/home/runner/work/TestForge/TestForge/sample-vue-project/src/App.vue": {"lines":{"total":138,"covered":110,"skipped":0,"pct":79.71},"functions":{"total":4,"covered":0,"skipped":0,"pct":0},"statements":{"total":138,"covered":110,"skipped":0,"pct":79.71},"branches":{"total":0,"covered":0,"skipped":0,"pct":100}}
,"/home/runner/work/TestForge/TestForge/sample-vue-project/src/main.ts": {"lines":{"total":5,"covered":0,"skipped":0,"pct":0},"functions":{"total":1,"covered":0,"skipped":0,"pct":0},"statements":{"total":5,"covered":0,"skipped":0,"pct":0},"branches":{"total":1,"covered":0,"skipped":0,"pct":0}}
,"/home/runner/work/TestForge/TestForge/sample-vue-project/src/api/userService.ts": {"lines":{"total":70,"covered":60,"skipped":0,"pct":85.71},"functions":{"total":6,"covered":6,"skipped":0,"pct":100},"statements":{"total":70,"covered":60,"skipped":0,"pct":85.71},"branches":{"total":13,"covered":8,"skipped":0,"pct":61.53}}
,"/home/runner/work/TestForge/TestForge/sample-vue-project/src/components/LoginForm.vue": {"lines":{"total":104,"covered":104,"skipped":0,"pct":100},"functions":{"total":6,"covered":6,"skipped":0,"pct":100},"statements":{"total":104,"covered":104,"skipped":0,"pct":100},"branches":{"total":18,"covered":17,"skipped":0,"pct":94.44}}
,"/home/runner/work/TestForge/TestForge/sample-vue-project/src/components/UserCard.vue": {"lines":{"total":63,"covered":63,"skipped":0,"pct":100},"functions":{"total":3,"covered":3,"skipped":0,"pct":100},"statements":{"total":63,"covered":63,"skipped":0,"pct":100},"branches":{"total":10,"covered":10,"skipped":0,"pct":100}}
,"/home/runner/work/TestForge/TestForge/sample-vue-project/src/composables/useCart.ts": {"lines":{"total":69,"covered":58,"skipped":0,"pct":84.05},"functions":{"total":8,"covered":5,"skipped":0,"pct":62.5},"statements":{"total":69,"covered":58,"skipped":0,"pct":84.05},"branches":{"total":9,"covered":9,"skipped":0,"pct":100}}
,"/home/runner/work/TestForge/TestForge/sample-vue-project/src/utils/format.ts": {"lines":{"total":51,"covered":48,"skipped":0,"pct":94.11},"functions":{"total":5,"covered":5,"skipped":0,"pct":100},"statements":{"total":51,"covered":48,"skipped":0,"pct":94.11},"branches":{"total":9,"covered":7,"skipped":0,"pct":77.77}}
,"/home/runner/work/TestForge/TestForge/sample-vue-project/src/utils/math.ts": {"lines":{"total":41,"covered":41,"skipped":0,"pct":100},"functions":{"total":5,"covered":5,"skipped":0,"pct":100},"statements":{"total":41,"covered":41,"skipped":0,"pct":100},"branches":{"total":10,"covered":10,"skipped":0,"pct":100}}
,"/home/runner/work/TestForge/TestForge/sample-vue-project/src/utils/validation.ts": {"lines":{"total":58,"covered":46,"skipped":0,"pct":79.31},"functions":{"total":5,"covered":5,"skipped":0,"pct":100},"statements":{"total":58,"covered":46,"skipped":0,"pct":79.31},"branches":{"total":15,"covered":12,"skipped":0,"pct":80}}
}
